Base path: 'C:/Program Files/Unity/Hub/Editor/2019.3.0f5/Editor/Data', plugins path 'C:/Program Files/Unity/Hub/Editor/2019.3.0f5/Editor/Data/PlaybackEngines'
Cmd: initializeCompiler
Cmd: compileComputeKernel
  api=4 insize=7570 outsize=583 ok=1
Cmd: compileComputeKernel
  api=4 insize=848 outsize=320 ok=1
Cmd: compileComputeKernel
  api=4 insize=4026 outsize=885 ok=1
Cmd: compileComputeKernel
  api=4 insize=10384 outsize=735102 ok=1
Cmd: compileComputeKernel
  api=4 insize=10868 outsize=4491 ok=1
Cmd: compileComputeKernel
  api=4 insize=40246 outsize=34078 ok=1
Cmd: compileComputeKernel
  api=4 insize=40246 outsize=36296 ok=1
Cmd: compileComputeKernel
  api=4 insize=8511 outsize=1015 ok=1
Cmd: compileComputeKernel
  api=4 insize=22295 outsize=14720 ok=1
Cmd: compileComputeKernel
  api=4 insize=9134 outsize=12677 ok=1
Cmd: compileComputeKernel
  api=4 insize=7841 outsize=7132 ok=1
Cmd: compileComputeKernel
  api=4 insize=20116 outsize=5238 ok=1
Cmd: compileComputeKernel
  api=4 insize=5056 outsize=2350 ok=1
Cmd: compileComputeKernel
  api=4 insize=5168 outsize=2822 ok=1
Cmd: compileComputeKernel
  api=4 insize=26542 outsize=16121 ok=1
Cmd: compileComputeKernel
  api=4 insize=15784 outsize=95677 ok=1
Cmd: compileComputeKernel
  api=4 insize=15784 outsize=34760 ok=1
Cmd: compileComputeKernel
  api=4 insize=15784 outsize=39203 ok=1
Cmd: compileComputeKernel
  api=4 insize=15784 outsize=77598 ok=1
Cmd: compileComputeKernel
  api=4 insize=6258 outsize=4872 ok=1
Cmd: compileComputeKernel
  api=4 insize=26999 outsize=3476 ok=1
Cmd: compileComputeKernel
  api=4 insize=2557 outsize=562 ok=1
Cmd: compileComputeKernel
  api=4 insize=3916 outsize=1744 ok=1
Cmd: compileSnippet
  api=4 type=1 insize=2295 outsize=542 kw=UNITY_UI_ALPHACLIP pd=UNITY_ENABLE_REFLECTION_BUFFERS UNITY_USE_DITHER_MASK_FOR_ALPHABLENDED_SHADOWS UNITY_PBS_USE_BRDF1 UNITY_SPECCUBE_BOX_PROJECTION UNITY_SPECCUBE_BLENDING UNITY_ENABLE_DETAIL_NORMALMAP SHADER_API_DESKTOP UNITY_LIGHT_PROBE_PROXY_VOLUME UNITY_LIGHTMAP_FULL_HDR ok=1
