Base path: 'C:/Program Files/Unity/Hub/Editor/2019.3.0f5/Editor/Data', plugins path 'C:/Program Files/Unity/Hub/Editor/2019.3.0f5/Editor/Data/PlaybackEngines'
Cmd: initializeCompiler
Cmd: compileComputeKernel
  api=4 insize=10288 outsize=3182 ok=1
Cmd: compileComputeKernel
  api=4 insize=8630 outsize=7449 ok=1
Cmd: compileComputeKernel
  api=4 insize=10868 outsize=880 ok=1
Cmd: compileComputeKernel
  api=4 insize=5015 outsize=2757 ok=1
Cmd: compileComputeKernel
  api=4 insize=40246 outsize=34940 ok=1
Cmd: compileComputeKernel
  api=4 insize=40246 outsize=40233 ok=1
Cmd: compileComputeKernel
  api=4 insize=11494 outsize=244 ok=1
Cmd: compileComputeKernel
  api=4 insize=20116 outsize=2349 ok=1
Cmd: compileComputeKernel
  api=4 insize=10338 outsize=4225 ok=1
Cmd: compileComputeKernel
  api=4 insize=26542 outsize=15619 ok=1
Cmd: compileComputeKernel
  api=4 insize=15784 outsize=34661 ok=1
Cmd: compileComputeKernel
  api=4 insize=15784 outsize=75534 ok=1
Cmd: compileComputeKernel
  api=4 insize=15784 outsize=14066 ok=1
Cmd: compileComputeKernel
  api=4 insize=15784 outsize=22545 ok=1
Cmd: compileComputeKernel
  api=4 insize=15784 outsize=32310 ok=1
Cmd: compileComputeKernel
  api=4 insize=15784 outsize=48589 ok=1
Cmd: compileComputeKernel
  api=4 insize=15784 outsize=47220 ok=1
Cmd: compileComputeKernel
  api=4 insize=26999 outsize=437 ok=1
Cmd: compileComputeKernel
  api=4 insize=1977 outsize=2732 ok=1
Cmd: compileSnippet
  api=4 type=0 insize=3064 outsize=402 kw= pd=UNITY_ENABLE_REFLECTION_BUFFERS UNITY_USE_DITHER_MASK_FOR_ALPHABLENDED_SHADOWS UNITY_PBS_USE_BRDF1 UNITY_SPECCUBE_BOX_PROJECTION UNITY_SPECCUBE_BLENDING UNITY_ENABLE_DETAIL_NORMALMAP SHADER_API_DESKTOP UNITY_LIGHT_PROBE_PROXY_VOLUME UNITY_LIGHTMAP_FULL_HDR ok=1
Cmd: compileSnippet
  api=4 type=1 insize=2295 outsize=446 kw= pd=UNITY_ENABLE_REFLECTION_BUFFERS UNITY_USE_DITHER_MASK_FOR_ALPHABLENDED_SHADOWS UNITY_PBS_USE_BRDF1 UNITY_SPECCUBE_BOX_PROJECTION UNITY_SPECCUBE_BLENDING UNITY_ENABLE_DETAIL_NORMALMAP SHADER_API_DESKTOP UNITY_LIGHT_PROBE_PROXY_VOLUME UNITY_LIGHTMAP_FULL_HDR ok=1
